2013/08/28 09:38:34 [error] [exception.CException] exception 'CException' with message 'CWebApplication and its behaviors do not have a method or closure named "runEnd".' in C:\openserver2\domains\qu\admin\coredata\base\CComponent.php:266
Stack trace:
#0 C:\openserver2\domains\qu\index.php(13): CComponent->__call('runEnd', Array)
#1 C:\openserver2\domains\qu\index.php(13): CWebApplication->runEnd('frontend')
#2 {main}
REQUEST_URI=/
---
2013/08/29 07:11:19 [error] [exception.CException] exception 'CException' with message 'CWebApplication and its behaviors do not have a method or closure named "runEnd".' in C:\openserver2\domains\qu\admin\coredata\base\CComponent.php:266
Stack trace:
#0 C:\openserver2\domains\qu\index.php(13): CComponent->__call('runEnd', Array)
#1 C:\openserver2\domains\qu\index.php(13): CWebApplication->runEnd('frontend')
#2 {main}
REQUEST_URI=/index.php?r=site/index
HTTP_REFERER=http://qu/index.php?r=site/index
---
2013/08/29 09:04:34 [error] [exception.CException] exception 'CException' with message 'CWebApplication and its behaviors do not have a method or closure named "runEnd".' in C:\openserver2\domains\qu\admin\coredata\base\CComponent.php:266
Stack trace:
#0 C:\openserver2\domains\qu\index.php(13): CComponent->__call('runEnd', Array)
#1 C:\openserver2\domains\qu\index.php(13): CWebApplication->runEnd('frontend')
#2 {main}
REQUEST_URI=/index.php?r=site/index
HTTP_REFERER=http://qu/index.php?r=site/index
---
2013/08/29 09:04:35 [error] [exception.CException] exception 'CException' with message 'CWebApplication and its behaviors do not have a method or closure named "runEnd".' in C:\openserver2\domains\qu\admin\coredata\base\CComponent.php:266
Stack trace:
#0 C:\openserver2\domains\qu\index.php(13): CComponent->__call('runEnd', Array)
#1 C:\openserver2\domains\qu\index.php(13): CWebApplication->runEnd('frontend')
#2 {main}
REQUEST_URI=/index.php?r=site/index
HTTP_REFERER=http://qu/index.php?r=site/index
---
2013/08/29 15:36:54 [error] [exception.CException] exception 'CException' with message 'CWebApplication and its behaviors do not have a method or closure named "runEnd".' in C:\openserver2\domains\qu\admin\coredata\base\CComponent.php:266
Stack trace:
#0 C:\openserver2\domains\qu\index.php(13): CComponent->__call('runEnd', Array)
#1 C:\openserver2\domains\qu\index.php(13): CWebApplication->runEnd('frontend')
#2 {main}
REQUEST_URI=/index.php?r=site/index
HTTP_REFERER=http://qu/index.php?r=site/index
---
2013/11/11 19:42:25 [error] [exception.CException] exception 'CException' with message 'CWebApplication and its behaviors do not have a method or closure named "runEnd".' in /Users/minion/Documents/Яндекс Диск/host/www/qu.loc/admin/coredata/base/CComponent.php:266
Stack trace:
#0 /Users/minion/Documents/Яндекс Диск/host/www/qu.loc/index.php(13): CComponent->__call('runEnd', Array)
#1 /Users/minion/Documents/Яндекс Диск/host/www/qu.loc/index.php(13): CWebApplication->runEnd('frontend')
#2 {main}
REQUEST_URI=/
---
2013/11/15 00:39:57 [error] [exception.CHttpException.404] exception 'CHttpException' with message 'Невозможно обработать запрос "gii".' in /Applications/AMPPS/www/qu.loc/admin/coredata/web/CWebApplication.php:286
Stack trace:
#0 /Applications/AMPPS/www/qu.loc/admin/coredata/web/CWebApplication.php(141): CWebApplication->runController('gii')
#1 /Applications/AMPPS/www/qu.loc/admin/coredata/base/CApplication.php(180): CWebApplication->processRequest()
#2 /Applications/AMPPS/www/qu.loc/admin/behaviors/WebApplicationEndBehavior.php(21): CApplication->run()
#3 [internal function]: WebApplicationEndBehavior->runEnd('frontend')
#4 /Applications/AMPPS/www/qu.loc/admin/coredata/base/CComponent.php(261): call_user_func_array(Array, Array)
#5 /Applications/AMPPS/www/qu.loc/index.php(13): CComponent->__call('runEnd', Array)
#6 /Applications/AMPPS/www/qu.loc/index.php(13): CWebApplication->runEnd('frontend')
#7 {main}
REQUEST_URI=/index.php?r=gii
---
2013/11/15 00:56:25 [error] [exception.CException] exception 'CException' with message 'Не определено свойство "ActionController.name".' in /Applications/AMPPS/www/qu.loc/admin/coredata/base/CComponent.php:130
Stack trace:
#0 /Applications/AMPPS/www/qu.loc/admin/views/backend/layouts/main.php(199): CComponent->__get('name')
#1 /Applications/AMPPS/www/qu.loc/admin/coredata/web/CBaseController.php(126): require('/Applications/A...')
#2 /Applications/AMPPS/www/qu.loc/admin/coredata/web/CBaseController.php(95): CBaseController->renderInternal('/Applications/A...', Array, true)
#3 /Applications/AMPPS/www/qu.loc/admin/coredata/web/CController.php(784): CBaseController->renderFile('/Applications/A...', Array, true)
#4 /Applications/AMPPS/www/qu.loc/admin/controllers/backend/ActionController.php(92): CController->render('index', Array)
#5 /Applications/AMPPS/www/qu.loc/admin/coredata/web/actions/CInlineAction.php(49): ActionController->actionIndex()
#6 /Applications/AMPPS/www/qu.loc/admin/coredata/web/CController.php(308): CInlineAction->runWithParams(Array)
#7 /Applications/AMPPS/www/qu.loc/admin/coredata/web/filters/CFilterChain.php(133): CController->runAction(Object(CInlineAction))
#8 /Applications/AMPPS/www/qu.loc/admin/coredata/web/filters/CFilter.php(40): CFilterChain->run()
#9 /Applications/AMPPS/www/qu.loc/admin/coredata/web/CController.php(1145): CFilter->filter(Object(CFilterChain))
#10 /Applications/AMPPS/www/qu.loc/admin/coredata/web/filters/CInlineFilter.php(58): CController->filterAccessControl(Object(CFilterChain))
#11 /Applications/AMPPS/www/qu.loc/admin/coredata/web/filters/CFilterChain.php(130): CInlineFilter->filter(Object(CFilterChain))
#12 /Applications/AMPPS/www/qu.loc/admin/coredata/web/CController.php(291): CFilterChain->run()
#13 /Applications/AMPPS/www/qu.loc/admin/coredata/web/CController.php(265): CController->runActionWithFilters(Object(CInlineAction), Array)
#14 /Applications/AMPPS/www/qu.loc/admin/coredata/web/CWebApplication.php(282): CController->run('')
#15 /Applications/AMPPS/www/qu.loc/admin/coredata/web/CWebApplication.php(141): CWebApplication->runController('action')
#16 /Applications/AMPPS/www/qu.loc/admin/coredata/base/CApplication.php(180): CWebApplication->processRequest()
#17 /Applications/AMPPS/www/qu.loc/admin/behaviors/WebApplicationEndBehavior.php(21): CApplication->run()
#18 [internal function]: WebApplicationEndBehavior->runEnd('backend')
#19 /Applications/AMPPS/www/qu.loc/admin/coredata/base/CComponent.php(261): call_user_func_array(Array, Array)
#20 /Applications/AMPPS/www/qu.loc/admin/index.php(13): CComponent->__call('runEnd', Array)
#21 /Applications/AMPPS/www/qu.loc/admin/index.php(13): CWebApplication->runEnd('backend')
#22 {main}
REQUEST_URI=/admin/index.php?r=action
---
2013/11/15 02:18:37 [error] [exception.CException] exception 'CException' with message 'Не определено свойство "Action.terms".' in /Applications/AMPPS/www/qu.loc/admin/coredata/base/CComponent.php:130
Stack trace:
#0 /Applications/AMPPS/www/qu.loc/admin/coredata/db/ar/CActiveRecord.php(145): CComponent->__get('terms')
#1 /Applications/AMPPS/www/qu.loc/admin/coredata/web/helpers/CHtml.php(2529): CActiveRecord->__get('terms')
#2 /Applications/AMPPS/www/qu.loc/admin/coredata/web/helpers/CHtml.php(1654): CHtml::resolveValue(Object(Action), 'terms')
#3 /Applications/AMPPS/www/qu.loc/admin/coredata/web/widgets/CActiveForm.php(786): CHtml::activeTextArea(Object(Action), 'terms', Array)
#4 /Applications/AMPPS/www/qu.loc/admin/extensions/bootstrap/widgets/input/TbInputHorizontal.php(167): CActiveForm->textArea(Object(Action), 'terms', Array)
#5 /Applications/AMPPS/www/qu.loc/admin/extensions/bootstrap/widgets/input/TbInput.php(225): TbInputHorizontal->textArea()
#6 /Applications/AMPPS/www/qu.loc/admin/extensions/bootstrap/widgets/input/TbInputHorizontal.php(24): TbInput->run()
#7 /Applications/AMPPS/www/qu.loc/admin/coredata/web/CBaseController.php(173): TbInputHorizontal->run()
#8 /Applications/AMPPS/www/qu.loc/admin/extensions/bootstrap/widgets/TbActiveForm.php(497): CBaseController->widget('bootstrap.widge...', Array)
#9 /Applications/AMPPS/www/qu.loc/admin/extensions/bootstrap/widgets/TbActiveForm.php(198): TbActiveForm->inputRow('textarea', Object(Action), 'terms', NULL, Array)
#10 /Applications/AMPPS/www/qu.loc/admin/views/backend/action/create.php(40): TbActiveForm->textAreaRow(Object(Action), 'terms', Array)
#11 /Applications/AMPPS/www/qu.loc/admin/coredata/web/CBaseController.php(126): require('/Applications/A...')
#12 /Applications/AMPPS/www/qu.loc/admin/coredata/web/CBaseController.php(95): CBaseController->renderInternal('/Applications/A...', Array, true)
#13 /Applications/AMPPS/www/qu.loc/admin/coredata/web/CController.php(869): CBaseController->renderFile('/Applications/A...', Array, true)
#14 /Applications/AMPPS/www/qu.loc/admin/coredata/web/CController.php(782): CController->renderPartial('create', Array, true)
#15 /Applications/AMPPS/www/qu.loc/admin/controllers/backend/ActionController.php(37): CController->render('create', Array)
#16 /Applications/AMPPS/www/qu.loc/admin/coredata/web/actions/CInlineAction.php(49): ActionController->actionCreate()
#17 /Applications/AMPPS/www/qu.loc/admin/coredata/web/CController.php(308): CInlineAction->runWithParams(Array)
#18 /Applications/AMPPS/www/qu.loc/admin/coredata/web/filters/CFilterChain.php(133): CController->runAction(Object(CInlineAction))
#19 /Applications/AMPPS/www/qu.loc/admin/coredata/web/filters/CFilter.php(40): CFilterChain->run()
#20 /Applications/AMPPS/www/qu.loc/admin/coredata/web/CController.php(1145): CFilter->filter(Object(CFilterChain))
#21 /Applications/AMPPS/www/qu.loc/admin/coredata/web/filters/CInlineFilter.php(58): CController->filterAccessControl(Object(CFilterChain))
#22 /Applications/AMPPS/www/qu.loc/admin/coredata/web/filters/CFilterChain.php(130): CInlineFilter->filter(Object(CFilterChain))
#23 /Applications/AMPPS/www/qu.loc/admin/coredata/web/CController.php(291): CFilterChain->run()
#24 /Applications/AMPPS/www/qu.loc/admin/coredata/web/CController.php(265): CController->runActionWithFilters(Object(CInlineAction), Array)
#25 /Applications/AMPPS/www/qu.loc/admin/coredata/web/CWebApplication.php(282): CController->run('create')
#26 /Applications/AMPPS/www/qu.loc/admin/coredata/web/CWebApplication.php(141): CWebApplication->runController('action/create')
#27 /Applications/AMPPS/www/qu.loc/admin/coredata/base/CApplication.php(180): CWebApplication->processRequest()
#28 /Applications/AMPPS/www/qu.loc/admin/behaviors/WebApplicationEndBehavior.php(21): CApplication->run()
#29 [internal function]: WebApplicationEndBehavior->runEnd('backend')
#30 /Applications/AMPPS/www/qu.loc/admin/coredata/base/CComponent.php(261): call_user_func_array(Array, Array)
#31 /Applications/AMPPS/www/qu.loc/admin/index.php(13): CComponent->__call('runEnd', Array)
#32 /Applications/AMPPS/www/qu.loc/admin/index.php(13): CWebApplication->runEnd('backend')
#33 {main}
REQUEST_URI=/admin/index.php?r=action/create
---
